<?xml version="1.0" encoding="UTF-8"?>
<!-- Generated by org.testng.reporters.JUnitReportReporter -->
<testsuite hostname="EN-ImranKs" name="com.imran.testscripts.TC001" tests="1" failures="0" timestamp="30 Dec 2016 11:49:12 GMT" time="1.323" errors="0">
  <testcase name="verifyGetEvents" time="1.323" classname="com.imran.testscripts.TC001"/>
</testsuite> <!-- com.imran.testscripts.TC001 -->
